2023-11-09 00:20:02,378 [DEBUG] Debug log set up. Setting up console log.
2023-11-09 00:20:02,378 [DEBUG] Console log set up.
2023-11-09 00:20:02,378 [DEBUG] ----------------------------------------------------------
2023-11-09 00:20:02,378 [INFO] Start at - 2023/11/09 00:20:02
2023-11-09 00:20:02,427 [INFO] DEL UPDATE-DEL RIS LOT : 2023/11/09 00:20:02
2023-11-09 00:20:02,528 [INFO] INS UPDATE-INS RIS LOT : 2023/11/09 00:20:02
2023-11-09 00:20:02,867 [INFO] DEL UPDATE-DEL MES SN : 2023/11/09 00:20:02
2023-11-09 00:20:02,890 [INFO] DEL UPDATE-INS MES SN : 2023/11/09 00:20:02
2023-11-09 00:20:02,909 [INFO] NO INSERT DATA
2023-11-09 00:20:02,909 [INFO] END at - 2023/11/09 00:20:02
2023-11-09 00:20:02,909 [DEBUG] ----------------------------------------------------
2023-11-09 01:20:02,327 [DEBUG] Debug log set up. Setting up console log.
2023-11-09 01:20:02,328 [DEBUG] Console log set up.
2023-11-09 01:20:02,328 [DEBUG] ----------------------------------------------------------
2023-11-09 01:20:02,328 [INFO] Start at - 2023/11/09 01:20:02
2023-11-09 01:20:02,386 [INFO] DEL UPDATE-DEL RIS LOT : 2023/11/09 01:20:02
2023-11-09 01:20:02,491 [INFO] INS UPDATE-INS RIS LOT : 2023/11/09 01:20:02
2023-11-09 01:20:02,862 [INFO] DEL UPDATE-DEL MES SN : 2023/11/09 01:20:02
2023-11-09 01:20:02,886 [INFO] DEL UPDATE-INS MES SN : 2023/11/09 01:20:02
2023-11-09 01:20:02,910 [INFO] NO INSERT DATA
2023-11-09 01:20:02,910 [INFO] END at - 2023/11/09 01:20:02
2023-11-09 01:20:02,910 [DEBUG] ----------------------------------------------------
2023-11-09 02:20:02,201 [DEBUG] Debug log set up. Setting up console log.
2023-11-09 02:20:02,201 [DEBUG] Console log set up.
2023-11-09 02:20:02,201 [DEBUG] ----------------------------------------------------------
2023-11-09 02:20:02,201 [INFO] Start at - 2023/11/09 02:20:02
2023-11-09 02:20:02,246 [INFO] DEL UPDATE-DEL RIS LOT : 2023/11/09 02:20:02
2023-11-09 02:20:02,349 [INFO] INS UPDATE-INS RIS LOT : 2023/11/09 02:20:02
2023-11-09 02:20:02,688 [INFO] DEL UPDATE-DEL MES SN : 2023/11/09 02:20:02
2023-11-09 02:20:02,711 [INFO] DEL UPDATE-INS MES SN : 2023/11/09 02:20:02
2023-11-09 02:20:02,731 [INFO] NO INSERT DATA
2023-11-09 02:20:02,732 [INFO] END at - 2023/11/09 02:20:02
2023-11-09 02:20:02,732 [DEBUG] ----------------------------------------------------
2023-11-09 03:20:02,447 [DEBUG] Debug log set up. Setting up console log.
2023-11-09 03:20:02,447 [DEBUG] Console log set up.
2023-11-09 03:20:02,447 [DEBUG] ----------------------------------------------------------
2023-11-09 03:20:02,447 [INFO] Start at - 2023/11/09 03:20:02
2023-11-09 03:20:02,489 [INFO] DEL UPDATE-DEL RIS LOT : 2023/11/09 03:20:02
2023-11-09 03:20:02,593 [INFO] INS UPDATE-INS RIS LOT : 2023/11/09 03:20:02
2023-11-09 03:20:03,031 [INFO] DEL UPDATE-DEL MES SN : 2023/11/09 03:20:03
2023-11-09 03:20:03,068 [INFO] DEL UPDATE-INS MES SN : 2023/11/09 03:20:03
2023-11-09 03:20:03,102 [INFO] NO INSERT DATA
2023-11-09 03:20:03,102 [INFO] END at - 2023/11/09 03:20:03
2023-11-09 03:20:03,102 [DEBUG] ----------------------------------------------------
2023-11-09 04:20:02,390 [DEBUG] Debug log set up. Setting up console log.
2023-11-09 04:20:02,390 [DEBUG] Console log set up.
2023-11-09 04:20:02,390 [DEBUG] ----------------------------------------------------------
2023-11-09 04:20:02,390 [INFO] Start at - 2023/11/09 04:20:02
2023-11-09 04:20:02,424 [INFO] DEL UPDATE-DEL RIS LOT : 2023/11/09 04:20:02
2023-11-09 04:20:02,522 [INFO] INS UPDATE-INS RIS LOT : 2023/11/09 04:20:02
2023-11-09 04:20:02,748 [INFO] DEL UPDATE-DEL MES SN : 2023/11/09 04:20:02
2023-11-09 04:20:02,766 [INFO] DEL UPDATE-INS MES SN : 2023/11/09 04:20:02
2023-11-09 04:20:02,781 [INFO] NO INSERT DATA
2023-11-09 04:20:02,781 [INFO] END at - 2023/11/09 04:20:02
2023-11-09 04:20:02,781 [DEBUG] ----------------------------------------------------
2023-11-09 05:20:01,975 [DEBUG] Debug log set up. Setting up console log.
2023-11-09 05:20:01,975 [DEBUG] Console log set up.
2023-11-09 05:20:01,975 [DEBUG] ----------------------------------------------------------
2023-11-09 05:20:01,975 [INFO] Start at - 2023/11/09 05:20:01
2023-11-09 05:20:02,026 [INFO] DEL UPDATE-DEL RIS LOT : 2023/11/09 05:20:02
2023-11-09 05:20:02,125 [INFO] INS UPDATE-INS RIS LOT : 2023/11/09 05:20:02
2023-11-09 05:20:02,513 [INFO] DEL UPDATE-DEL MES SN : 2023/11/09 05:20:02
2023-11-09 05:20:02,546 [INFO] DEL UPDATE-INS MES SN : 2023/11/09 05:20:02
2023-11-09 05:20:02,571 [INFO] NO INSERT DATA
2023-11-09 05:20:02,571 [INFO] END at - 2023/11/09 05:20:02
2023-11-09 05:20:02,571 [DEBUG] ----------------------------------------------------
2023-11-09 06:20:02,995 [DEBUG] Debug log set up. Setting up console log.
2023-11-09 06:20:02,995 [DEBUG] Console log set up.
2023-11-09 06:20:02,995 [DEBUG] ----------------------------------------------------------
2023-11-09 06:20:02,995 [INFO] Start at - 2023/11/09 06:20:02
2023-11-09 06:20:03,052 [INFO] DEL UPDATE-DEL RIS LOT : 2023/11/09 06:20:03
2023-11-09 06:20:03,178 [INFO] INS UPDATE-INS RIS LOT : 2023/11/09 06:20:03
2023-11-09 06:20:03,759 [INFO] DEL UPDATE-DEL MES SN : 2023/11/09 06:20:03
2023-11-09 06:20:03,787 [INFO] DEL UPDATE-INS MES SN : 2023/11/09 06:20:03
2023-11-09 06:20:03,811 [INFO] NO INSERT DATA
2023-11-09 06:20:03,812 [INFO] END at - 2023/11/09 06:20:03
2023-11-09 06:20:03,812 [DEBUG] ----------------------------------------------------
2023-11-09 07:20:02,639 [DEBUG] Debug log set up. Setting up console log.
2023-11-09 07:20:02,639 [DEBUG] Console log set up.
2023-11-09 07:20:02,639 [DEBUG] ----------------------------------------------------------
2023-11-09 07:20:02,639 [INFO] Start at - 2023/11/09 07:20:02
2023-11-09 07:20:02,689 [INFO] DEL UPDATE-DEL RIS LOT : 2023/11/09 07:20:02
2023-11-09 07:20:02,788 [INFO] INS UPDATE-INS RIS LOT : 2023/11/09 07:20:02
2023-11-09 07:20:03,105 [INFO] DEL UPDATE-DEL MES SN : 2023/11/09 07:20:03
2023-11-09 07:20:03,125 [INFO] DEL UPDATE-INS MES SN : 2023/11/09 07:20:03
2023-11-09 07:20:03,147 [INFO] NO INSERT DATA
2023-11-09 07:20:03,147 [INFO] END at - 2023/11/09 07:20:03
2023-11-09 07:20:03,147 [DEBUG] ----------------------------------------------------
2023-11-09 08:20:02,781 [DEBUG] Debug log set up. Setting up console log.
2023-11-09 08:20:02,781 [DEBUG] Console log set up.
2023-11-09 08:20:02,781 [DEBUG] ----------------------------------------------------------
2023-11-09 08:20:02,781 [INFO] Start at - 2023/11/09 08:20:02
2023-11-09 08:20:02,821 [INFO] DEL UPDATE-DEL RIS LOT : 2023/11/09 08:20:02
2023-11-09 08:20:02,920 [INFO] INS UPDATE-INS RIS LOT : 2023/11/09 08:20:02
2023-11-09 08:20:03,258 [INFO] DEL UPDATE-DEL MES SN : 2023/11/09 08:20:03
2023-11-09 08:20:03,279 [INFO] DEL UPDATE-INS MES SN : 2023/11/09 08:20:03
2023-11-09 08:20:03,299 [INFO] NO INSERT DATA
2023-11-09 08:20:03,299 [INFO] END at - 2023/11/09 08:20:03
2023-11-09 08:20:03,300 [DEBUG] ----------------------------------------------------
2023-11-09 09:20:02,911 [DEBUG] Debug log set up. Setting up console log.
2023-11-09 09:20:02,911 [DEBUG] Console log set up.
2023-11-09 09:20:02,911 [DEBUG] ----------------------------------------------------------
2023-11-09 09:20:02,911 [INFO] Start at - 2023/11/09 09:20:02
2023-11-09 09:20:02,975 [INFO] DEL UPDATE-DEL RIS LOT : 2023/11/09 09:20:02
2023-11-09 09:20:03,083 [INFO] INS UPDATE-INS RIS LOT : 2023/11/09 09:20:03
2023-11-09 09:20:03,605 [INFO] DEL UPDATE-DEL MES SN : 2023/11/09 09:20:03
2023-11-09 09:20:03,635 [INFO] DEL UPDATE-INS MES SN : 2023/11/09 09:20:03
2023-11-09 09:20:03,661 [INFO] DEL INSERT MES SN : 2023/11/09 09:20:03
2023-11-09 09:20:03,666 [INFO] END at - 2023/11/09 09:20:03
2023-11-09 09:20:03,667 [DEBUG] ----------------------------------------------------
2023-11-09 10:20:02,150 [DEBUG] Debug log set up. Setting up console log.
2023-11-09 10:20:02,150 [DEBUG] Console log set up.
2023-11-09 10:20:02,150 [DEBUG] ----------------------------------------------------------
2023-11-09 10:20:02,150 [INFO] Start at - 2023/11/09 10:20:02
2023-11-09 10:20:02,218 [INFO] DEL UPDATE-DEL RIS LOT : 2023/11/09 10:20:02
2023-11-09 10:20:02,331 [INFO] INS UPDATE-INS RIS LOT : 2023/11/09 10:20:02
2023-11-09 10:20:03,227 [INFO] DEL UPDATE-DEL MES SN : 2023/11/09 10:20:03
2023-11-09 10:20:03,264 [INFO] DEL UPDATE-INS MES SN : 2023/11/09 10:20:03
2023-11-09 10:20:03,302 [INFO] DEL INSERT MES SN : 2023/11/09 10:20:03
2023-11-09 10:20:03,320 [INFO] END at - 2023/11/09 10:20:03
2023-11-09 10:20:03,320 [DEBUG] ----------------------------------------------------
2023-11-09 11:20:02,319 [DEBUG] Debug log set up. Setting up console log.
2023-11-09 11:20:02,319 [DEBUG] Console log set up.
2023-11-09 11:20:02,319 [DEBUG] ----------------------------------------------------------
2023-11-09 11:20:02,319 [INFO] Start at - 2023/11/09 11:20:02
2023-11-09 11:20:02,382 [INFO] DEL UPDATE-DEL RIS LOT : 2023/11/09 11:20:02
2023-11-09 11:20:02,481 [INFO] INS UPDATE-INS RIS LOT : 2023/11/09 11:20:02
2023-11-09 11:20:02,831 [INFO] DEL UPDATE-DEL MES SN : 2023/11/09 11:20:02
2023-11-09 11:20:02,867 [INFO] DEL UPDATE-INS MES SN : 2023/11/09 11:20:02
2023-11-09 11:20:02,900 [INFO] NO INSERT DATA
2023-11-09 11:20:02,900 [INFO] END at - 2023/11/09 11:20:02
2023-11-09 11:20:02,900 [DEBUG] ----------------------------------------------------
2023-11-09 12:20:02,420 [DEBUG] Debug log set up. Setting up console log.
2023-11-09 12:20:02,420 [DEBUG] Console log set up.
2023-11-09 12:20:02,420 [DEBUG] ----------------------------------------------------------
2023-11-09 12:20:02,420 [INFO] Start at - 2023/11/09 12:20:02
2023-11-09 12:20:02,515 [INFO] DEL UPDATE-DEL RIS LOT : 2023/11/09 12:20:02
2023-11-09 12:20:02,613 [INFO] INS UPDATE-INS RIS LOT : 2023/11/09 12:20:02
2023-11-09 12:20:03,022 [INFO] DEL UPDATE-DEL MES SN : 2023/11/09 12:20:03
2023-11-09 12:20:03,050 [INFO] DEL UPDATE-INS MES SN : 2023/11/09 12:20:03
2023-11-09 12:20:03,076 [INFO] DEL INSERT MES SN : 2023/11/09 12:20:03
2023-11-09 12:20:03,088 [INFO] END at - 2023/11/09 12:20:03
2023-11-09 12:20:03,088 [DEBUG] ----------------------------------------------------
