2023-11-07 00:20:02,148 [DEBUG] Debug log set up. Setting up console log.
2023-11-07 00:20:02,148 [DEBUG] Console log set up.
2023-11-07 00:20:02,148 [DEBUG] ----------------------------------------------------------
2023-11-07 00:20:02,148 [INFO] Start at - 2023/11/07 00:20:02
2023-11-07 00:20:02,206 [INFO] DEL UPDATE-DEL RIS LOT : 2023/11/07 00:20:02
2023-11-07 00:20:02,313 [INFO] INS UPDATE-INS RIS LOT : 2023/11/07 00:20:02
2023-11-07 00:20:02,724 [INFO] DEL UPDATE-DEL MES SN : 2023/11/07 00:20:02
2023-11-07 00:20:02,754 [INFO] DEL UPDATE-INS MES SN : 2023/11/07 00:20:02
2023-11-07 00:20:02,777 [INFO] NO INSERT DATA
2023-11-07 00:20:02,778 [INFO] END at - 2023/11/07 00:20:02
2023-11-07 00:20:02,778 [DEBUG] ----------------------------------------------------
2023-11-07 01:20:02,539 [DEBUG] Debug log set up. Setting up console log.
2023-11-07 01:20:02,539 [DEBUG] Console log set up.
2023-11-07 01:20:02,539 [DEBUG] ----------------------------------------------------------
2023-11-07 01:20:02,539 [INFO] Start at - 2023/11/07 01:20:02
2023-11-07 01:20:02,630 [INFO] DEL UPDATE-DEL RIS LOT : 2023/11/07 01:20:02
2023-11-07 01:20:02,741 [INFO] INS UPDATE-INS RIS LOT : 2023/11/07 01:20:02
2023-11-07 01:20:03,281 [INFO] DEL UPDATE-DEL MES SN : 2023/11/07 01:20:03
2023-11-07 01:20:03,341 [INFO] DEL UPDATE-INS MES SN : 2023/11/07 01:20:03
2023-11-07 01:20:03,384 [INFO] NO INSERT DATA
2023-11-07 01:20:03,384 [INFO] END at - 2023/11/07 01:20:03
2023-11-07 01:20:03,384 [DEBUG] ----------------------------------------------------
2023-11-07 02:20:02,488 [DEBUG] Debug log set up. Setting up console log.
2023-11-07 02:20:02,488 [DEBUG] Console log set up.
2023-11-07 02:20:02,488 [DEBUG] ----------------------------------------------------------
2023-11-07 02:20:02,488 [INFO] Start at - 2023/11/07 02:20:02
2023-11-07 02:20:02,536 [INFO] DEL UPDATE-DEL RIS LOT : 2023/11/07 02:20:02
2023-11-07 02:20:02,633 [INFO] INS UPDATE-INS RIS LOT : 2023/11/07 02:20:02
2023-11-07 02:20:02,964 [INFO] DEL UPDATE-DEL MES SN : 2023/11/07 02:20:02
2023-11-07 02:20:02,984 [INFO] DEL UPDATE-INS MES SN : 2023/11/07 02:20:02
2023-11-07 02:20:03,003 [INFO] NO INSERT DATA
2023-11-07 02:20:03,004 [INFO] END at - 2023/11/07 02:20:03
2023-11-07 02:20:03,004 [DEBUG] ----------------------------------------------------
2023-11-07 03:20:02,096 [DEBUG] Debug log set up. Setting up console log.
2023-11-07 03:20:02,096 [DEBUG] Console log set up.
2023-11-07 03:20:02,096 [DEBUG] ----------------------------------------------------------
2023-11-07 03:20:02,096 [INFO] Start at - 2023/11/07 03:20:02
2023-11-07 03:20:02,149 [INFO] DEL UPDATE-DEL RIS LOT : 2023/11/07 03:20:02
2023-11-07 03:20:02,245 [INFO] INS UPDATE-INS RIS LOT : 2023/11/07 03:20:02
2023-11-07 03:20:02,535 [INFO] DEL UPDATE-DEL MES SN : 2023/11/07 03:20:02
2023-11-07 03:20:02,556 [INFO] DEL UPDATE-INS MES SN : 2023/11/07 03:20:02
2023-11-07 03:20:02,574 [INFO] NO INSERT DATA
2023-11-07 03:20:02,574 [INFO] END at - 2023/11/07 03:20:02
2023-11-07 03:20:02,574 [DEBUG] ----------------------------------------------------
2023-11-07 04:20:02,410 [DEBUG] Debug log set up. Setting up console log.
2023-11-07 04:20:02,410 [DEBUG] Console log set up.
2023-11-07 04:20:02,411 [DEBUG] ----------------------------------------------------------
2023-11-07 04:20:02,411 [INFO] Start at - 2023/11/07 04:20:02
2023-11-07 04:20:02,452 [INFO] DEL UPDATE-DEL RIS LOT : 2023/11/07 04:20:02
2023-11-07 04:20:02,544 [INFO] INS UPDATE-INS RIS LOT : 2023/11/07 04:20:02
2023-11-07 04:20:02,742 [INFO] DEL UPDATE-DEL MES SN : 2023/11/07 04:20:02
2023-11-07 04:20:02,756 [INFO] DEL UPDATE-INS MES SN : 2023/11/07 04:20:02
2023-11-07 04:20:02,767 [INFO] NO INSERT DATA
2023-11-07 04:20:02,767 [INFO] END at - 2023/11/07 04:20:02
2023-11-07 04:20:02,767 [DEBUG] ----------------------------------------------------
2023-11-07 05:20:02,897 [DEBUG] Debug log set up. Setting up console log.
2023-11-07 05:20:02,897 [DEBUG] Console log set up.
2023-11-07 05:20:02,897 [DEBUG] ----------------------------------------------------------
2023-11-07 05:20:02,897 [INFO] Start at - 2023/11/07 05:20:02
2023-11-07 05:20:02,945 [INFO] DEL UPDATE-DEL RIS LOT : 2023/11/07 05:20:02
2023-11-07 05:20:03,049 [INFO] INS UPDATE-INS RIS LOT : 2023/11/07 05:20:03
2023-11-07 05:20:03,458 [INFO] DEL UPDATE-DEL MES SN : 2023/11/07 05:20:03
2023-11-07 05:20:03,484 [INFO] DEL UPDATE-INS MES SN : 2023/11/07 05:20:03
2023-11-07 05:20:03,506 [INFO] NO INSERT DATA
2023-11-07 05:20:03,506 [INFO] END at - 2023/11/07 05:20:03
2023-11-07 05:20:03,506 [DEBUG] ----------------------------------------------------
2023-11-07 06:20:02,335 [DEBUG] Debug log set up. Setting up console log.
2023-11-07 06:20:02,336 [DEBUG] Console log set up.
2023-11-07 06:20:02,336 [DEBUG] ----------------------------------------------------------
2023-11-07 06:20:02,336 [INFO] Start at - 2023/11/07 06:20:02
2023-11-07 06:20:02,404 [INFO] DEL UPDATE-DEL RIS LOT : 2023/11/07 06:20:02
2023-11-07 06:20:02,524 [INFO] INS UPDATE-INS RIS LOT : 2023/11/07 06:20:02
2023-11-07 06:20:03,224 [INFO] DEL UPDATE-DEL MES SN : 2023/11/07 06:20:03
2023-11-07 06:20:03,260 [INFO] DEL UPDATE-INS MES SN : 2023/11/07 06:20:03
2023-11-07 06:20:03,307 [INFO] NO INSERT DATA
2023-11-07 06:20:03,308 [INFO] END at - 2023/11/07 06:20:03
2023-11-07 06:20:03,308 [DEBUG] ----------------------------------------------------
2023-11-07 07:20:02,864 [DEBUG] Debug log set up. Setting up console log.
2023-11-07 07:20:02,864 [DEBUG] Console log set up.
2023-11-07 07:20:02,864 [DEBUG] ----------------------------------------------------------
2023-11-07 07:20:02,864 [INFO] Start at - 2023/11/07 07:20:02
2023-11-07 07:20:02,929 [INFO] DEL UPDATE-DEL RIS LOT : 2023/11/07 07:20:02
2023-11-07 07:20:03,032 [INFO] INS UPDATE-INS RIS LOT : 2023/11/07 07:20:03
2023-11-07 07:20:03,463 [INFO] DEL UPDATE-DEL MES SN : 2023/11/07 07:20:03
2023-11-07 07:20:03,486 [INFO] DEL UPDATE-INS MES SN : 2023/11/07 07:20:03
2023-11-07 07:20:03,507 [INFO] NO INSERT DATA
2023-11-07 07:20:03,508 [INFO] END at - 2023/11/07 07:20:03
2023-11-07 07:20:03,508 [DEBUG] ----------------------------------------------------
2023-11-07 08:20:02,870 [DEBUG] Debug log set up. Setting up console log.
2023-11-07 08:20:02,870 [DEBUG] Console log set up.
2023-11-07 08:20:02,870 [DEBUG] ----------------------------------------------------------
2023-11-07 08:20:02,870 [INFO] Start at - 2023/11/07 08:20:02
2023-11-07 08:20:02,928 [INFO] DEL UPDATE-DEL RIS LOT : 2023/11/07 08:20:02
2023-11-07 08:20:03,031 [INFO] INS UPDATE-INS RIS LOT : 2023/11/07 08:20:03
2023-11-07 08:20:03,424 [INFO] DEL UPDATE-DEL MES SN : 2023/11/07 08:20:03
2023-11-07 08:20:03,452 [INFO] DEL UPDATE-INS MES SN : 2023/11/07 08:20:03
2023-11-07 08:20:03,473 [INFO] NO INSERT DATA
2023-11-07 08:20:03,473 [INFO] END at - 2023/11/07 08:20:03
2023-11-07 08:20:03,473 [DEBUG] ----------------------------------------------------
2023-11-07 09:20:02,867 [DEBUG] Debug log set up. Setting up console log.
2023-11-07 09:20:02,867 [DEBUG] Console log set up.
2023-11-07 09:20:02,867 [DEBUG] ----------------------------------------------------------
2023-11-07 09:20:02,867 [INFO] Start at - 2023/11/07 09:20:02
2023-11-07 09:20:02,971 [INFO] DEL UPDATE-DEL RIS LOT : 2023/11/07 09:20:02
2023-11-07 09:20:03,078 [INFO] INS UPDATE-INS RIS LOT : 2023/11/07 09:20:03
2023-11-07 09:20:03,655 [INFO] DEL UPDATE-DEL MES SN : 2023/11/07 09:20:03
2023-11-07 09:20:03,858 [INFO] DEL UPDATE-INS MES SN : 2023/11/07 09:20:03
2023-11-07 09:20:03,905 [INFO] DEL INSERT MES SN : 2023/11/07 09:20:03
2023-11-07 09:20:03,909 [INFO] END at - 2023/11/07 09:20:03
2023-11-07 09:20:03,909 [DEBUG] ----------------------------------------------------
2023-11-07 10:20:02,796 [DEBUG] Debug log set up. Setting up console log.
2023-11-07 10:20:02,796 [DEBUG] Console log set up.
2023-11-07 10:20:02,796 [DEBUG] ----------------------------------------------------------
2023-11-07 10:20:02,796 [INFO] Start at - 2023/11/07 10:20:02
2023-11-07 10:20:02,959 [INFO] DEL UPDATE-DEL RIS LOT : 2023/11/07 10:20:02
2023-11-07 10:20:03,076 [INFO] INS UPDATE-INS RIS LOT : 2023/11/07 10:20:03
2023-11-07 10:20:03,736 [INFO] DEL UPDATE-DEL MES SN : 2023/11/07 10:20:03
2023-11-07 10:20:03,786 [INFO] DEL UPDATE-INS MES SN : 2023/11/07 10:20:03
2023-11-07 10:20:03,832 [INFO] NO INSERT DATA
2023-11-07 10:20:03,832 [INFO] END at - 2023/11/07 10:20:03
2023-11-07 10:20:03,832 [DEBUG] ----------------------------------------------------
2023-11-07 11:20:02,363 [DEBUG] Debug log set up. Setting up console log.
2023-11-07 11:20:02,363 [DEBUG] Console log set up.
2023-11-07 11:20:02,363 [DEBUG] ----------------------------------------------------------
2023-11-07 11:20:02,363 [INFO] Start at - 2023/11/07 11:20:02
2023-11-07 11:20:02,422 [INFO] DEL UPDATE-DEL RIS LOT : 2023/11/07 11:20:02
2023-11-07 11:20:02,519 [INFO] INS UPDATE-INS RIS LOT : 2023/11/07 11:20:02
2023-11-07 11:20:02,869 [INFO] DEL UPDATE-DEL MES SN : 2023/11/07 11:20:02
2023-11-07 11:20:02,893 [INFO] DEL UPDATE-INS MES SN : 2023/11/07 11:20:02
2023-11-07 11:20:02,913 [INFO] NO INSERT DATA
2023-11-07 11:20:02,914 [INFO] END at - 2023/11/07 11:20:02
2023-11-07 11:20:02,914 [DEBUG] ----------------------------------------------------
2023-11-07 12:20:02,301 [DEBUG] Debug log set up. Setting up console log.
2023-11-07 12:20:02,301 [DEBUG] Console log set up.
2023-11-07 12:20:02,301 [DEBUG] ----------------------------------------------------------
2023-11-07 12:20:02,301 [INFO] Start at - 2023/11/07 12:20:02
2023-11-07 12:20:02,359 [INFO] DEL UPDATE-DEL RIS LOT : 2023/11/07 12:20:02
2023-11-07 12:20:02,458 [INFO] INS UPDATE-INS RIS LOT : 2023/11/07 12:20:02
2023-11-07 12:20:02,774 [INFO] DEL UPDATE-DEL MES SN : 2023/11/07 12:20:02
2023-11-07 12:20:02,796 [INFO] DEL UPDATE-INS MES SN : 2023/11/07 12:20:02
2023-11-07 12:20:02,816 [INFO] DEL INSERT MES SN : 2023/11/07 12:20:02
2023-11-07 12:20:02,819 [INFO] END at - 2023/11/07 12:20:02
2023-11-07 12:20:02,819 [DEBUG] ----------------------------------------------------
2023-11-07 13:20:02,726 [DEBUG] Debug log set up. Setting up console log.
2023-11-07 13:20:02,726 [DEBUG] Console log set up.
2023-11-07 13:20:02,727 [DEBUG] ----------------------------------------------------------
2023-11-07 13:20:02,727 [INFO] Start at - 2023/11/07 13:20:02
2023-11-07 13:20:02,795 [INFO] DEL UPDATE-DEL RIS LOT : 2023/11/07 13:20:02
2023-11-07 13:20:02,904 [INFO] INS UPDATE-INS RIS LOT : 2023/11/07 13:20:02
2023-11-07 13:20:03,178 [INFO] DEL UPDATE-DEL MES SN : 2023/11/07 13:20:03
2023-11-07 13:20:03,199 [INFO] DEL UPDATE-INS MES SN : 2023/11/07 13:20:03
2023-11-07 13:20:03,214 [INFO] NO INSERT DATA
2023-11-07 13:20:03,215 [INFO] END at - 2023/11/07 13:20:03
2023-11-07 13:20:03,215 [DEBUG] ----------------------------------------------------
2023-11-07 14:20:02,577 [DEBUG] Debug log set up. Setting up console log.
2023-11-07 14:20:02,577 [DEBUG] Console log set up.
2023-11-07 14:20:02,577 [DEBUG] ----------------------------------------------------------
2023-11-07 14:20:02,577 [INFO] Start at - 2023/11/07 14:20:02
2023-11-07 14:20:02,650 [INFO] DEL UPDATE-DEL RIS LOT : 2023/11/07 14:20:02
2023-11-07 14:20:02,759 [INFO] INS UPDATE-INS RIS LOT : 2023/11/07 14:20:02
2023-11-07 14:20:03,347 [INFO] DEL UPDATE-DEL MES SN : 2023/11/07 14:20:03
2023-11-07 14:20:03,379 [INFO] DEL UPDATE-INS MES SN : 2023/11/07 14:20:03
2023-11-07 14:20:03,410 [INFO] NO INSERT DATA
2023-11-07 14:20:03,410 [INFO] END at - 2023/11/07 14:20:03
2023-11-07 14:20:03,410 [DEBUG] ----------------------------------------------------
2023-11-07 15:20:02,645 [DEBUG] Debug log set up. Setting up console log.
2023-11-07 15:20:02,645 [DEBUG] Console log set up.
2023-11-07 15:20:02,645 [DEBUG] ----------------------------------------------------------
2023-11-07 15:20:02,645 [INFO] Start at - 2023/11/07 15:20:02
2023-11-07 15:20:02,709 [INFO] DEL UPDATE-DEL RIS LOT : 2023/11/07 15:20:02
2023-11-07 15:20:02,805 [INFO] INS UPDATE-INS RIS LOT : 2023/11/07 15:20:02
2023-11-07 15:20:03,295 [INFO] DEL UPDATE-DEL MES SN : 2023/11/07 15:20:03
2023-11-07 15:20:03,314 [INFO] DEL UPDATE-INS MES SN : 2023/11/07 15:20:03
2023-11-07 15:20:03,331 [INFO] DEL INSERT MES SN : 2023/11/07 15:20:03
2023-11-07 15:20:03,345 [INFO] END at - 2023/11/07 15:20:03
2023-11-07 15:20:03,345 [DEBUG] ----------------------------------------------------
2023-11-07 16:20:02,763 [DEBUG] Debug log set up. Setting up console log.
2023-11-07 16:20:02,763 [DEBUG] Console log set up.
2023-11-07 16:20:02,763 [DEBUG] ----------------------------------------------------------
2023-11-07 16:20:02,763 [INFO] Start at - 2023/11/07 16:20:02
2023-11-07 16:20:02,827 [INFO] DEL UPDATE-DEL RIS LOT : 2023/11/07 16:20:02
2023-11-07 16:20:02,926 [INFO] INS UPDATE-INS RIS LOT : 2023/11/07 16:20:02
2023-11-07 16:20:03,319 [INFO] DEL UPDATE-DEL MES SN : 2023/11/07 16:20:03
2023-11-07 16:20:03,340 [INFO] DEL UPDATE-INS MES SN : 2023/11/07 16:20:03
2023-11-07 16:20:03,360 [INFO] DEL INSERT MES SN : 2023/11/07 16:20:03
2023-11-07 16:20:03,365 [INFO] END at - 2023/11/07 16:20:03
2023-11-07 16:20:03,365 [DEBUG] ----------------------------------------------------
2023-11-07 17:20:03,003 [DEBUG] Debug log set up. Setting up console log.
2023-11-07 17:20:03,003 [DEBUG] Console log set up.
2023-11-07 17:20:03,003 [DEBUG] ----------------------------------------------------------
2023-11-07 17:20:03,003 [INFO] Start at - 2023/11/07 17:20:03
2023-11-07 17:20:03,076 [INFO] DEL UPDATE-DEL RIS LOT : 2023/11/07 17:20:03
2023-11-07 17:20:03,189 [INFO] INS UPDATE-INS RIS LOT : 2023/11/07 17:20:03
2023-11-07 17:20:04,371 [INFO] DEL UPDATE-DEL MES SN : 2023/11/07 17:20:04
2023-11-07 17:20:04,428 [INFO] DEL UPDATE-INS MES SN : 2023/11/07 17:20:04
2023-11-07 17:20:04,466 [INFO] DEL INSERT MES SN : 2023/11/07 17:20:04
2023-11-07 17:20:04,496 [INFO] END at - 2023/11/07 17:20:04
2023-11-07 17:20:04,496 [DEBUG] ----------------------------------------------------
2023-11-07 18:20:03,102 [DEBUG] Debug log set up. Setting up console log.
2023-11-07 18:20:03,102 [DEBUG] Console log set up.
2023-11-07 18:20:03,102 [DEBUG] ----------------------------------------------------------
2023-11-07 18:20:03,102 [INFO] Start at - 2023/11/07 18:20:03
2023-11-07 18:20:03,152 [INFO] DEL UPDATE-DEL RIS LOT : 2023/11/07 18:20:03
2023-11-07 18:20:03,252 [INFO] INS UPDATE-INS RIS LOT : 2023/11/07 18:20:03
2023-11-07 18:20:03,537 [INFO] DEL UPDATE-DEL MES SN : 2023/11/07 18:20:03
2023-11-07 18:20:03,563 [INFO] DEL UPDATE-INS MES SN : 2023/11/07 18:20:03
2023-11-07 18:20:03,587 [INFO] NO INSERT DATA
2023-11-07 18:20:03,588 [INFO] END at - 2023/11/07 18:20:03
2023-11-07 18:20:03,588 [DEBUG] ----------------------------------------------------
2023-11-07 19:20:02,319 [DEBUG] Debug log set up. Setting up console log.
2023-11-07 19:20:02,319 [DEBUG] Console log set up.
2023-11-07 19:20:02,319 [DEBUG] ----------------------------------------------------------
2023-11-07 19:20:02,319 [INFO] Start at - 2023/11/07 19:20:02
2023-11-07 19:20:02,395 [INFO] DEL UPDATE-DEL RIS LOT : 2023/11/07 19:20:02
2023-11-07 19:20:02,504 [INFO] INS UPDATE-INS RIS LOT : 2023/11/07 19:20:02
2023-11-07 19:20:03,053 [INFO] DEL UPDATE-DEL MES SN : 2023/11/07 19:20:03
2023-11-07 19:20:03,093 [INFO] DEL UPDATE-INS MES SN : 2023/11/07 19:20:03
2023-11-07 19:20:03,125 [INFO] NO INSERT DATA
2023-11-07 19:20:03,125 [INFO] END at - 2023/11/07 19:20:03
2023-11-07 19:20:03,126 [DEBUG] ----------------------------------------------------
2023-11-07 20:20:02,810 [DEBUG] Debug log set up. Setting up console log.
2023-11-07 20:20:02,810 [DEBUG] Console log set up.
2023-11-07 20:20:02,810 [DEBUG] ----------------------------------------------------------
2023-11-07 20:20:02,810 [INFO] Start at - 2023/11/07 20:20:02
2023-11-07 20:20:02,869 [INFO] DEL UPDATE-DEL RIS LOT : 2023/11/07 20:20:02
2023-11-07 20:20:02,974 [INFO] INS UPDATE-INS RIS LOT : 2023/11/07 20:20:02
2023-11-07 20:20:03,398 [INFO] DEL UPDATE-DEL MES SN : 2023/11/07 20:20:03
2023-11-07 20:20:03,424 [INFO] DEL UPDATE-INS MES SN : 2023/11/07 20:20:03
2023-11-07 20:20:03,446 [INFO] NO INSERT DATA
2023-11-07 20:20:03,447 [INFO] END at - 2023/11/07 20:20:03
2023-11-07 20:20:03,447 [DEBUG] ----------------------------------------------------
2023-11-07 21:20:02,390 [DEBUG] Debug log set up. Setting up console log.
2023-11-07 21:20:02,390 [DEBUG] Console log set up.
2023-11-07 21:20:02,391 [DEBUG] ----------------------------------------------------------
2023-11-07 21:20:02,391 [INFO] Start at - 2023/11/07 21:20:02
2023-11-07 21:20:02,455 [INFO] DEL UPDATE-DEL RIS LOT : 2023/11/07 21:20:02
2023-11-07 21:20:02,566 [INFO] INS UPDATE-INS RIS LOT : 2023/11/07 21:20:02
2023-11-07 21:20:03,195 [INFO] DEL UPDATE-DEL MES SN : 2023/11/07 21:20:03
2023-11-07 21:20:03,228 [INFO] DEL UPDATE-INS MES SN : 2023/11/07 21:20:03
2023-11-07 21:20:03,263 [INFO] NO INSERT DATA
2023-11-07 21:20:03,263 [INFO] END at - 2023/11/07 21:20:03
2023-11-07 21:20:03,263 [DEBUG] ----------------------------------------------------
2023-11-07 22:20:02,955 [DEBUG] Debug log set up. Setting up console log.
2023-11-07 22:20:02,955 [DEBUG] Console log set up.
2023-11-07 22:20:02,955 [DEBUG] ----------------------------------------------------------
2023-11-07 22:20:02,956 [INFO] Start at - 2023/11/07 22:20:02
2023-11-07 22:20:03,039 [INFO] DEL UPDATE-DEL RIS LOT : 2023/11/07 22:20:03
2023-11-07 22:20:03,154 [INFO] INS UPDATE-INS RIS LOT : 2023/11/07 22:20:03
2023-11-07 22:20:03,818 [INFO] DEL UPDATE-DEL MES SN : 2023/11/07 22:20:03
2023-11-07 22:20:03,850 [INFO] DEL UPDATE-INS MES SN : 2023/11/07 22:20:03
2023-11-07 22:20:03,891 [INFO] NO INSERT DATA
2023-11-07 22:20:03,891 [INFO] END at - 2023/11/07 22:20:03
2023-11-07 22:20:03,891 [DEBUG] ----------------------------------------------------
2023-11-07 23:20:02,782 [DEBUG] Debug log set up. Setting up console log.
2023-11-07 23:20:02,782 [DEBUG] Console log set up.
2023-11-07 23:20:02,782 [DEBUG] ----------------------------------------------------------
2023-11-07 23:20:02,782 [INFO] Start at - 2023/11/07 23:20:02
2023-11-07 23:20:02,815 [INFO] DEL UPDATE-DEL RIS LOT : 2023/11/07 23:20:02
2023-11-07 23:20:02,894 [INFO] INS UPDATE-INS RIS LOT : 2023/11/07 23:20:02
2023-11-07 23:20:02,941 [INFO] DEL UPDATE-DEL MES SN : 2023/11/07 23:20:02
2023-11-07 23:20:02,949 [INFO] DEL UPDATE-INS MES SN : 2023/11/07 23:20:02
2023-11-07 23:20:02,953 [INFO] NO INSERT DATA
2023-11-07 23:20:02,954 [INFO] END at - 2023/11/07 23:20:02
2023-11-07 23:20:02,954 [DEBUG] ----------------------------------------------------
