2023-11-08 00:20:02,870 [DEBUG] Debug log set up. Setting up console log.
2023-11-08 00:20:02,870 [DEBUG] Console log set up.
2023-11-08 00:20:02,870 [DEBUG] ----------------------------------------------------------
2023-11-08 00:20:02,871 [INFO] Start at - 2023/11/08 00:20:02
2023-11-08 00:20:02,948 [INFO] DEL UPDATE-DEL RIS LOT : 2023/11/08 00:20:02
2023-11-08 00:20:03,054 [INFO] INS UPDATE-INS RIS LOT : 2023/11/08 00:20:03
2023-11-08 00:20:03,506 [INFO] DEL UPDATE-DEL MES SN : 2023/11/08 00:20:03
2023-11-08 00:20:03,552 [INFO] DEL UPDATE-INS MES SN : 2023/11/08 00:20:03
2023-11-08 00:20:03,579 [INFO] NO INSERT DATA
2023-11-08 00:20:03,579 [INFO] END at - 2023/11/08 00:20:03
2023-11-08 00:20:03,579 [DEBUG] ----------------------------------------------------
2023-11-08 01:20:02,656 [DEBUG] Debug log set up. Setting up console log.
2023-11-08 01:20:02,656 [DEBUG] Console log set up.
2023-11-08 01:20:02,656 [DEBUG] ----------------------------------------------------------
2023-11-08 01:20:02,656 [INFO] Start at - 2023/11/08 01:20:02
2023-11-08 01:20:02,728 [INFO] DEL UPDATE-DEL RIS LOT : 2023/11/08 01:20:02
2023-11-08 01:20:02,839 [INFO] INS UPDATE-INS RIS LOT : 2023/11/08 01:20:02
2023-11-08 01:20:03,373 [INFO] DEL UPDATE-DEL MES SN : 2023/11/08 01:20:03
2023-11-08 01:20:03,402 [INFO] DEL UPDATE-INS MES SN : 2023/11/08 01:20:03
2023-11-08 01:20:03,431 [INFO] NO INSERT DATA
2023-11-08 01:20:03,431 [INFO] END at - 2023/11/08 01:20:03
2023-11-08 01:20:03,432 [DEBUG] ----------------------------------------------------
2023-11-08 02:20:02,179 [DEBUG] Debug log set up. Setting up console log.
2023-11-08 02:20:02,179 [DEBUG] Console log set up.
2023-11-08 02:20:02,179 [DEBUG] ----------------------------------------------------------
2023-11-08 02:20:02,179 [INFO] Start at - 2023/11/08 02:20:02
2023-11-08 02:20:02,248 [INFO] DEL UPDATE-DEL RIS LOT : 2023/11/08 02:20:02
2023-11-08 02:20:02,347 [INFO] INS UPDATE-INS RIS LOT : 2023/11/08 02:20:02
2023-11-08 02:20:02,687 [INFO] DEL UPDATE-DEL MES SN : 2023/11/08 02:20:02
2023-11-08 02:20:02,712 [INFO] DEL UPDATE-INS MES SN : 2023/11/08 02:20:02
2023-11-08 02:20:02,735 [INFO] NO INSERT DATA
2023-11-08 02:20:02,735 [INFO] END at - 2023/11/08 02:20:02
2023-11-08 02:20:02,735 [DEBUG] ----------------------------------------------------
2023-11-08 03:20:02,951 [DEBUG] Debug log set up. Setting up console log.
2023-11-08 03:20:02,951 [DEBUG] Console log set up.
2023-11-08 03:20:02,951 [DEBUG] ----------------------------------------------------------
2023-11-08 03:20:02,951 [INFO] Start at - 2023/11/08 03:20:02
2023-11-08 03:20:03,021 [INFO] DEL UPDATE-DEL RIS LOT : 2023/11/08 03:20:03
2023-11-08 03:20:03,127 [INFO] INS UPDATE-INS RIS LOT : 2023/11/08 03:20:03
2023-11-08 03:20:03,649 [INFO] DEL UPDATE-DEL MES SN : 2023/11/08 03:20:03
2023-11-08 03:20:03,692 [INFO] DEL UPDATE-INS MES SN : 2023/11/08 03:20:03
2023-11-08 03:20:03,726 [INFO] NO INSERT DATA
2023-11-08 03:20:03,726 [INFO] END at - 2023/11/08 03:20:03
2023-11-08 03:20:03,726 [DEBUG] ----------------------------------------------------
2023-11-08 04:20:02,144 [DEBUG] Debug log set up. Setting up console log.
2023-11-08 04:20:02,145 [DEBUG] Console log set up.
2023-11-08 04:20:02,145 [DEBUG] ----------------------------------------------------------
2023-11-08 04:20:02,145 [INFO] Start at - 2023/11/08 04:20:02
2023-11-08 04:20:02,194 [INFO] DEL UPDATE-DEL RIS LOT : 2023/11/08 04:20:02
2023-11-08 04:20:02,297 [INFO] INS UPDATE-INS RIS LOT : 2023/11/08 04:20:02
2023-11-08 04:20:02,614 [INFO] DEL UPDATE-DEL MES SN : 2023/11/08 04:20:02
2023-11-08 04:20:02,634 [INFO] DEL UPDATE-INS MES SN : 2023/11/08 04:20:02
2023-11-08 04:20:02,652 [INFO] NO INSERT DATA
2023-11-08 04:20:02,652 [INFO] END at - 2023/11/08 04:20:02
2023-11-08 04:20:02,652 [DEBUG] ----------------------------------------------------
2023-11-08 05:20:03,044 [DEBUG] Debug log set up. Setting up console log.
2023-11-08 05:20:03,044 [DEBUG] Console log set up.
2023-11-08 05:20:03,044 [DEBUG] ----------------------------------------------------------
2023-11-08 05:20:03,044 [INFO] Start at - 2023/11/08 05:20:03
2023-11-08 05:20:03,109 [INFO] DEL UPDATE-DEL RIS LOT : 2023/11/08 05:20:03
2023-11-08 05:20:03,214 [INFO] INS UPDATE-INS RIS LOT : 2023/11/08 05:20:03
2023-11-08 05:20:03,632 [INFO] DEL UPDATE-DEL MES SN : 2023/11/08 05:20:03
2023-11-08 05:20:03,656 [INFO] DEL UPDATE-INS MES SN : 2023/11/08 05:20:03
2023-11-08 05:20:03,678 [INFO] NO INSERT DATA
2023-11-08 05:20:03,679 [INFO] END at - 2023/11/08 05:20:03
2023-11-08 05:20:03,679 [DEBUG] ----------------------------------------------------
2023-11-08 06:20:03,003 [DEBUG] Debug log set up. Setting up console log.
2023-11-08 06:20:03,003 [DEBUG] Console log set up.
2023-11-08 06:20:03,003 [DEBUG] ----------------------------------------------------------
2023-11-08 06:20:03,003 [INFO] Start at - 2023/11/08 06:20:03
2023-11-08 06:20:03,088 [INFO] DEL UPDATE-DEL RIS LOT : 2023/11/08 06:20:03
2023-11-08 06:20:03,200 [INFO] INS UPDATE-INS RIS LOT : 2023/11/08 06:20:03
2023-11-08 06:20:03,775 [INFO] DEL UPDATE-DEL MES SN : 2023/11/08 06:20:03
2023-11-08 06:20:03,807 [INFO] DEL UPDATE-INS MES SN : 2023/11/08 06:20:03
2023-11-08 06:20:03,840 [INFO] NO INSERT DATA
2023-11-08 06:20:03,840 [INFO] END at - 2023/11/08 06:20:03
2023-11-08 06:20:03,840 [DEBUG] ----------------------------------------------------
2023-11-08 07:20:02,755 [DEBUG] Debug log set up. Setting up console log.
2023-11-08 07:20:02,755 [DEBUG] Console log set up.
2023-11-08 07:20:02,755 [DEBUG] ----------------------------------------------------------
2023-11-08 07:20:02,755 [INFO] Start at - 2023/11/08 07:20:02
2023-11-08 07:20:02,802 [INFO] DEL UPDATE-DEL RIS LOT : 2023/11/08 07:20:02
2023-11-08 07:20:02,902 [INFO] INS UPDATE-INS RIS LOT : 2023/11/08 07:20:02
2023-11-08 07:20:03,284 [INFO] DEL UPDATE-DEL MES SN : 2023/11/08 07:20:03
2023-11-08 07:20:03,306 [INFO] DEL UPDATE-INS MES SN : 2023/11/08 07:20:03
2023-11-08 07:20:03,326 [INFO] NO INSERT DATA
2023-11-08 07:20:03,326 [INFO] END at - 2023/11/08 07:20:03
2023-11-08 07:20:03,327 [DEBUG] ----------------------------------------------------
2023-11-08 08:20:03,027 [DEBUG] Debug log set up. Setting up console log.
2023-11-08 08:20:03,027 [DEBUG] Console log set up.
2023-11-08 08:20:03,027 [DEBUG] ----------------------------------------------------------
2023-11-08 08:20:03,027 [INFO] Start at - 2023/11/08 08:20:03
2023-11-08 08:20:03,085 [INFO] DEL UPDATE-DEL RIS LOT : 2023/11/08 08:20:03
2023-11-08 08:20:03,191 [INFO] INS UPDATE-INS RIS LOT : 2023/11/08 08:20:03
2023-11-08 08:20:03,698 [INFO] DEL UPDATE-DEL MES SN : 2023/11/08 08:20:03
2023-11-08 08:20:03,726 [INFO] DEL UPDATE-INS MES SN : 2023/11/08 08:20:03
2023-11-08 08:20:03,754 [INFO] NO INSERT DATA
2023-11-08 08:20:03,754 [INFO] END at - 2023/11/08 08:20:03
2023-11-08 08:20:03,754 [DEBUG] ----------------------------------------------------
2023-11-08 09:20:03,242 [DEBUG] Debug log set up. Setting up console log.
2023-11-08 09:20:03,242 [DEBUG] Console log set up.
2023-11-08 09:20:03,242 [DEBUG] ----------------------------------------------------------
2023-11-08 09:20:03,242 [INFO] Start at - 2023/11/08 09:20:03
2023-11-08 09:20:03,294 [INFO] DEL UPDATE-DEL RIS LOT : 2023/11/08 09:20:03
2023-11-08 09:20:03,394 [INFO] INS UPDATE-INS RIS LOT : 2023/11/08 09:20:03
2023-11-08 09:20:03,824 [INFO] DEL UPDATE-DEL MES SN : 2023/11/08 09:20:03
2023-11-08 09:20:03,850 [INFO] DEL UPDATE-INS MES SN : 2023/11/08 09:20:03
2023-11-08 09:20:03,872 [INFO] NO INSERT DATA
2023-11-08 09:20:03,872 [INFO] END at - 2023/11/08 09:20:03
2023-11-08 09:20:03,872 [DEBUG] ----------------------------------------------------
2023-11-08 10:20:02,962 [DEBUG] Debug log set up. Setting up console log.
2023-11-08 10:20:02,963 [DEBUG] Console log set up.
2023-11-08 10:20:02,963 [DEBUG] ----------------------------------------------------------
2023-11-08 10:20:02,963 [INFO] Start at - 2023/11/08 10:20:02
2023-11-08 10:20:03,029 [INFO] DEL UPDATE-DEL RIS LOT : 2023/11/08 10:20:03
2023-11-08 10:20:03,140 [INFO] INS UPDATE-INS RIS LOT : 2023/11/08 10:20:03
2023-11-08 10:20:03,796 [INFO] DEL UPDATE-DEL MES SN : 2023/11/08 10:20:03
2023-11-08 10:20:03,828 [INFO] DEL UPDATE-INS MES SN : 2023/11/08 10:20:03
2023-11-08 10:20:03,858 [INFO] NO INSERT DATA
2023-11-08 10:20:03,859 [INFO] END at - 2023/11/08 10:20:03
2023-11-08 10:20:03,859 [DEBUG] ----------------------------------------------------
2023-11-08 11:20:02,330 [DEBUG] Debug log set up. Setting up console log.
2023-11-08 11:20:02,330 [DEBUG] Console log set up.
2023-11-08 11:20:02,330 [DEBUG] ----------------------------------------------------------
2023-11-08 11:20:02,330 [INFO] Start at - 2023/11/08 11:20:02
2023-11-08 11:20:02,374 [INFO] DEL UPDATE-DEL RIS LOT : 2023/11/08 11:20:02
2023-11-08 11:20:02,473 [INFO] INS UPDATE-INS RIS LOT : 2023/11/08 11:20:02
2023-11-08 11:20:02,851 [INFO] DEL UPDATE-DEL MES SN : 2023/11/08 11:20:02
2023-11-08 11:20:02,875 [INFO] DEL UPDATE-INS MES SN : 2023/11/08 11:20:02
2023-11-08 11:20:02,897 [INFO] NO INSERT DATA
2023-11-08 11:20:02,897 [INFO] END at - 2023/11/08 11:20:02
2023-11-08 11:20:02,897 [DEBUG] ----------------------------------------------------
2023-11-08 12:20:02,512 [DEBUG] Debug log set up. Setting up console log.
2023-11-08 12:20:02,512 [DEBUG] Console log set up.
2023-11-08 12:20:02,512 [DEBUG] ----------------------------------------------------------
2023-11-08 12:20:02,512 [INFO] Start at - 2023/11/08 12:20:02
2023-11-08 12:20:02,562 [INFO] DEL UPDATE-DEL RIS LOT : 2023/11/08 12:20:02
2023-11-08 12:20:02,669 [INFO] INS UPDATE-INS RIS LOT : 2023/11/08 12:20:02
2023-11-08 12:20:05,360 [INFO] DEL UPDATE-DEL MES SN : 2023/11/08 12:20:05
2023-11-08 12:20:05,418 [INFO] DEL UPDATE-INS MES SN : 2023/11/08 12:20:05
2023-11-08 12:20:05,440 [INFO] DEL INSERT MES SN : 2023/11/08 12:20:05
2023-11-08 12:20:05,444 [INFO] END at - 2023/11/08 12:20:05
2023-11-08 12:20:05,444 [DEBUG] ----------------------------------------------------
2023-11-08 13:20:02,249 [DEBUG] Debug log set up. Setting up console log.
2023-11-08 13:20:02,249 [DEBUG] Console log set up.
2023-11-08 13:20:02,249 [DEBUG] ----------------------------------------------------------
2023-11-08 13:20:02,249 [INFO] Start at - 2023/11/08 13:20:02
2023-11-08 13:20:02,297 [INFO] DEL UPDATE-DEL RIS LOT : 2023/11/08 13:20:02
2023-11-08 13:20:02,404 [INFO] INS UPDATE-INS RIS LOT : 2023/11/08 13:20:02
2023-11-08 13:20:02,930 [INFO] DEL UPDATE-DEL MES SN : 2023/11/08 13:20:02
2023-11-08 13:20:02,970 [INFO] DEL UPDATE-INS MES SN : 2023/11/08 13:20:02
2023-11-08 13:20:02,993 [INFO] DEL INSERT MES SN : 2023/11/08 13:20:02
2023-11-08 13:20:03,004 [INFO] END at - 2023/11/08 13:20:03
2023-11-08 13:20:03,004 [DEBUG] ----------------------------------------------------
2023-11-08 15:20:02,866 [DEBUG] Debug log set up. Setting up console log.
2023-11-08 15:20:02,867 [DEBUG] Console log set up.
2023-11-08 15:20:02,867 [DEBUG] ----------------------------------------------------------
2023-11-08 15:20:02,867 [INFO] Start at - 2023/11/08 15:20:02
2023-11-08 15:20:02,960 [INFO] DEL UPDATE-DEL RIS LOT : 2023/11/08 15:20:02
2023-11-08 15:20:03,095 [INFO] INS UPDATE-INS RIS LOT : 2023/11/08 15:20:03
2023-11-08 15:20:04,137 [INFO] DEL UPDATE-DEL MES SN : 2023/11/08 15:20:04
2023-11-08 15:20:04,220 [INFO] DEL UPDATE-INS MES SN : 2023/11/08 15:20:04
2023-11-08 15:20:04,291 [INFO] NO INSERT DATA
2023-11-08 15:20:04,292 [INFO] END at - 2023/11/08 15:20:04
2023-11-08 15:20:04,292 [DEBUG] ----------------------------------------------------
2023-11-08 16:20:02,884 [DEBUG] Debug log set up. Setting up console log.
2023-11-08 16:20:02,884 [DEBUG] Console log set up.
2023-11-08 16:20:02,884 [DEBUG] ----------------------------------------------------------
2023-11-08 16:20:02,884 [INFO] Start at - 2023/11/08 16:20:02
2023-11-08 16:20:02,939 [INFO] DEL UPDATE-DEL RIS LOT : 2023/11/08 16:20:02
2023-11-08 16:20:03,049 [INFO] INS UPDATE-INS RIS LOT : 2023/11/08 16:20:03
2023-11-08 16:20:03,644 [INFO] DEL UPDATE-DEL MES SN : 2023/11/08 16:20:03
2023-11-08 16:20:03,729 [INFO] DEL UPDATE-INS MES SN : 2023/11/08 16:20:03
2023-11-08 16:20:03,842 [INFO] DEL INSERT MES SN : 2023/11/08 16:20:03
2023-11-08 16:20:03,872 [INFO] END at - 2023/11/08 16:20:03
2023-11-08 16:20:03,873 [DEBUG] ----------------------------------------------------
2023-11-08 17:20:02,623 [DEBUG] Debug log set up. Setting up console log.
2023-11-08 17:20:02,624 [DEBUG] Console log set up.
2023-11-08 17:20:02,624 [DEBUG] ----------------------------------------------------------
2023-11-08 17:20:02,624 [INFO] Start at - 2023/11/08 17:20:02
2023-11-08 17:20:02,692 [INFO] DEL UPDATE-DEL RIS LOT : 2023/11/08 17:20:02
2023-11-08 17:20:02,804 [INFO] INS UPDATE-INS RIS LOT : 2023/11/08 17:20:02
2023-11-08 17:20:03,457 [INFO] DEL UPDATE-DEL MES SN : 2023/11/08 17:20:03
2023-11-08 17:20:03,563 [INFO] DEL UPDATE-INS MES SN : 2023/11/08 17:20:03
2023-11-08 17:20:03,597 [INFO] DEL INSERT MES SN : 2023/11/08 17:20:03
2023-11-08 17:20:03,604 [INFO] END at - 2023/11/08 17:20:03
2023-11-08 17:20:03,604 [DEBUG] ----------------------------------------------------
2023-11-08 18:20:02,959 [DEBUG] Debug log set up. Setting up console log.
2023-11-08 18:20:02,959 [DEBUG] Console log set up.
2023-11-08 18:20:02,959 [DEBUG] ----------------------------------------------------------
2023-11-08 18:20:02,959 [INFO] Start at - 2023/11/08 18:20:02
2023-11-08 18:20:03,030 [INFO] DEL UPDATE-DEL RIS LOT : 2023/11/08 18:20:03
2023-11-08 18:20:03,161 [INFO] INS UPDATE-INS RIS LOT : 2023/11/08 18:20:03
2023-11-08 18:20:03,624 [INFO] DEL UPDATE-DEL MES SN : 2023/11/08 18:20:03
2023-11-08 18:20:03,667 [INFO] DEL UPDATE-INS MES SN : 2023/11/08 18:20:03
2023-11-08 18:20:03,728 [INFO] NO INSERT DATA
2023-11-08 18:20:03,728 [INFO] END at - 2023/11/08 18:20:03
2023-11-08 18:20:03,728 [DEBUG] ----------------------------------------------------
2023-11-08 19:20:02,695 [DEBUG] Debug log set up. Setting up console log.
2023-11-08 19:20:02,695 [DEBUG] Console log set up.
2023-11-08 19:20:02,695 [DEBUG] ----------------------------------------------------------
2023-11-08 19:20:02,695 [INFO] Start at - 2023/11/08 19:20:02
2023-11-08 19:20:02,777 [INFO] DEL UPDATE-DEL RIS LOT : 2023/11/08 19:20:02
2023-11-08 19:20:02,885 [INFO] INS UPDATE-INS RIS LOT : 2023/11/08 19:20:02
2023-11-08 19:20:03,446 [INFO] DEL UPDATE-DEL MES SN : 2023/11/08 19:20:03
2023-11-08 19:20:03,502 [INFO] DEL UPDATE-INS MES SN : 2023/11/08 19:20:03
2023-11-08 19:20:03,535 [INFO] NO INSERT DATA
2023-11-08 19:20:03,536 [INFO] END at - 2023/11/08 19:20:03
2023-11-08 19:20:03,536 [DEBUG] ----------------------------------------------------
2023-11-08 20:20:02,106 [DEBUG] Debug log set up. Setting up console log.
2023-11-08 20:20:02,106 [DEBUG] Console log set up.
2023-11-08 20:20:02,106 [DEBUG] ----------------------------------------------------------
2023-11-08 20:20:02,106 [INFO] Start at - 2023/11/08 20:20:02
2023-11-08 20:20:02,159 [INFO] DEL UPDATE-DEL RIS LOT : 2023/11/08 20:20:02
2023-11-08 20:20:02,264 [INFO] INS UPDATE-INS RIS LOT : 2023/11/08 20:20:02
2023-11-08 20:20:02,662 [INFO] DEL UPDATE-DEL MES SN : 2023/11/08 20:20:02
2023-11-08 20:20:02,689 [INFO] DEL UPDATE-INS MES SN : 2023/11/08 20:20:02
2023-11-08 20:20:02,710 [INFO] NO INSERT DATA
2023-11-08 20:20:02,710 [INFO] END at - 2023/11/08 20:20:02
2023-11-08 20:20:02,710 [DEBUG] ----------------------------------------------------
2023-11-08 21:20:02,433 [DEBUG] Debug log set up. Setting up console log.
2023-11-08 21:20:02,433 [DEBUG] Console log set up.
2023-11-08 21:20:02,433 [DEBUG] ----------------------------------------------------------
2023-11-08 21:20:02,433 [INFO] Start at - 2023/11/08 21:20:02
2023-11-08 21:20:02,474 [INFO] DEL UPDATE-DEL RIS LOT : 2023/11/08 21:20:02
2023-11-08 21:20:02,570 [INFO] INS UPDATE-INS RIS LOT : 2023/11/08 21:20:02
2023-11-08 21:20:02,924 [INFO] DEL UPDATE-DEL MES SN : 2023/11/08 21:20:02
2023-11-08 21:20:02,945 [INFO] DEL UPDATE-INS MES SN : 2023/11/08 21:20:02
2023-11-08 21:20:02,965 [INFO] NO INSERT DATA
2023-11-08 21:20:02,965 [INFO] END at - 2023/11/08 21:20:02
2023-11-08 21:20:02,965 [DEBUG] ----------------------------------------------------
2023-11-08 22:20:02,432 [DEBUG] Debug log set up. Setting up console log.
2023-11-08 22:20:02,432 [DEBUG] Console log set up.
2023-11-08 22:20:02,432 [DEBUG] ----------------------------------------------------------
2023-11-08 22:20:02,432 [INFO] Start at - 2023/11/08 22:20:02
2023-11-08 22:20:02,468 [INFO] DEL UPDATE-DEL RIS LOT : 2023/11/08 22:20:02
2023-11-08 22:20:02,566 [INFO] INS UPDATE-INS RIS LOT : 2023/11/08 22:20:02
2023-11-08 22:20:02,863 [INFO] DEL UPDATE-DEL MES SN : 2023/11/08 22:20:02
2023-11-08 22:20:02,887 [INFO] DEL UPDATE-INS MES SN : 2023/11/08 22:20:02
2023-11-08 22:20:02,905 [INFO] NO INSERT DATA
2023-11-08 22:20:02,905 [INFO] END at - 2023/11/08 22:20:02
2023-11-08 22:20:02,905 [DEBUG] ----------------------------------------------------
2023-11-08 23:20:02,537 [DEBUG] Debug log set up. Setting up console log.
2023-11-08 23:20:02,537 [DEBUG] Console log set up.
2023-11-08 23:20:02,537 [DEBUG] ----------------------------------------------------------
2023-11-08 23:20:02,537 [INFO] Start at - 2023/11/08 23:20:02
2023-11-08 23:20:02,582 [INFO] DEL UPDATE-DEL RIS LOT : 2023/11/08 23:20:02
2023-11-08 23:20:02,673 [INFO] INS UPDATE-INS RIS LOT : 2023/11/08 23:20:02
2023-11-08 23:20:02,792 [INFO] DEL UPDATE-DEL MES SN : 2023/11/08 23:20:02
2023-11-08 23:20:02,805 [INFO] DEL UPDATE-INS MES SN : 2023/11/08 23:20:02
2023-11-08 23:20:02,816 [INFO] NO INSERT DATA
2023-11-08 23:20:02,816 [INFO] END at - 2023/11/08 23:20:02
2023-11-08 23:20:02,816 [DEBUG] ----------------------------------------------------
