2023-11-06 15:20:02,627 [DEBUG] Debug log set up. Setting up console log.
2023-11-06 15:20:02,627 [DEBUG] Console log set up.
2023-11-06 15:20:02,627 [DEBUG] ----------------------------------------------------------
2023-11-06 15:20:02,627 [INFO] Start at - 2023/11/06 15:20:02
2023-11-06 15:20:02,688 [INFO] DEL UPDATE-DEL RIS LOT : 2023/11/06 15:20:02
2023-11-06 15:20:02,789 [INFO] INS UPDATE-INS RIS LOT : 2023/11/06 15:20:02
2023-11-06 15:20:03,248 [INFO] DEL UPDATE-DEL MES SN : 2023/11/06 15:20:03
2023-11-06 15:20:03,277 [INFO] DEL UPDATE-INS MES SN : 2023/11/06 15:20:03
2023-11-06 15:20:03,308 [INFO] DEL INSERT MES SN : 2023/11/06 15:20:03
2023-11-06 15:20:03,316 [INFO] END at - 2023/11/06 15:20:03
2023-11-06 15:20:03,316 [DEBUG] ----------------------------------------------------
2023-11-06 16:20:02,723 [DEBUG] Debug log set up. Setting up console log.
2023-11-06 16:20:02,723 [DEBUG] Console log set up.
2023-11-06 16:20:02,724 [DEBUG] ----------------------------------------------------------
2023-11-06 16:20:02,724 [INFO] Start at - 2023/11/06 16:20:02
2023-11-06 16:20:02,853 [INFO] DEL UPDATE-DEL RIS LOT : 2023/11/06 16:20:02
2023-11-06 16:20:02,960 [INFO] INS UPDATE-INS RIS LOT : 2023/11/06 16:20:02
2023-11-06 16:20:04,636 [INFO] DEL UPDATE-DEL MES SN : 2023/11/06 16:20:04
2023-11-06 16:20:04,669 [INFO] DEL UPDATE-INS MES SN : 2023/11/06 16:20:04
2023-11-06 16:20:04,697 [INFO] DEL INSERT MES SN : 2023/11/06 16:20:04
2023-11-06 16:20:04,746 [INFO] END at - 2023/11/06 16:20:04
2023-11-06 16:20:04,747 [DEBUG] ----------------------------------------------------
2023-11-06 17:20:03,219 [DEBUG] Debug log set up. Setting up console log.
2023-11-06 17:20:03,219 [DEBUG] Console log set up.
2023-11-06 17:20:03,219 [DEBUG] ----------------------------------------------------------
2023-11-06 17:20:03,219 [INFO] Start at - 2023/11/06 17:20:03
2023-11-06 17:20:03,314 [INFO] DEL UPDATE-DEL RIS LOT : 2023/11/06 17:20:03
2023-11-06 17:20:03,440 [INFO] INS UPDATE-INS RIS LOT : 2023/11/06 17:20:03
2023-11-06 17:20:04,645 [INFO] DEL UPDATE-DEL MES SN : 2023/11/06 17:20:04
2023-11-06 17:20:04,695 [INFO] DEL UPDATE-INS MES SN : 2023/11/06 17:20:04
2023-11-06 17:20:04,745 [INFO] DEL INSERT MES SN : 2023/11/06 17:20:04
2023-11-06 17:20:04,762 [INFO] END at - 2023/11/06 17:20:04
2023-11-06 17:20:04,763 [DEBUG] ----------------------------------------------------
2023-11-06 18:20:03,073 [DEBUG] Debug log set up. Setting up console log.
2023-11-06 18:20:03,073 [DEBUG] Console log set up.
2023-11-06 18:20:03,073 [DEBUG] ----------------------------------------------------------
2023-11-06 18:20:03,073 [INFO] Start at - 2023/11/06 18:20:03
2023-11-06 18:20:03,126 [INFO] DEL UPDATE-DEL RIS LOT : 2023/11/06 18:20:03
2023-11-06 18:20:03,225 [INFO] INS UPDATE-INS RIS LOT : 2023/11/06 18:20:03
2023-11-06 18:20:03,494 [INFO] DEL UPDATE-DEL MES SN : 2023/11/06 18:20:03
2023-11-06 18:20:03,508 [INFO] DEL UPDATE-INS MES SN : 2023/11/06 18:20:03
2023-11-06 18:20:03,523 [INFO] NO INSERT DATA
2023-11-06 18:20:03,523 [INFO] END at - 2023/11/06 18:20:03
2023-11-06 18:20:03,523 [DEBUG] ----------------------------------------------------
2023-11-06 19:20:02,424 [DEBUG] Debug log set up. Setting up console log.
2023-11-06 19:20:02,424 [DEBUG] Console log set up.
2023-11-06 19:20:02,424 [DEBUG] ----------------------------------------------------------
2023-11-06 19:20:02,424 [INFO] Start at - 2023/11/06 19:20:02
2023-11-06 19:20:02,460 [INFO] DEL UPDATE-DEL RIS LOT : 2023/11/06 19:20:02
2023-11-06 19:20:02,555 [INFO] INS UPDATE-INS RIS LOT : 2023/11/06 19:20:02
2023-11-06 19:20:02,854 [INFO] DEL UPDATE-DEL MES SN : 2023/11/06 19:20:02
2023-11-06 19:20:02,887 [INFO] DEL UPDATE-INS MES SN : 2023/11/06 19:20:02
2023-11-06 19:20:02,906 [INFO] NO INSERT DATA
2023-11-06 19:20:02,906 [INFO] END at - 2023/11/06 19:20:02
2023-11-06 19:20:02,906 [DEBUG] ----------------------------------------------------
2023-11-06 20:20:02,030 [DEBUG] Debug log set up. Setting up console log.
2023-11-06 20:20:02,030 [DEBUG] Console log set up.
2023-11-06 20:20:02,030 [DEBUG] ----------------------------------------------------------
2023-11-06 20:20:02,030 [INFO] Start at - 2023/11/06 20:20:02
2023-11-06 20:20:02,091 [INFO] DEL UPDATE-DEL RIS LOT : 2023/11/06 20:20:02
2023-11-06 20:20:02,195 [INFO] INS UPDATE-INS RIS LOT : 2023/11/06 20:20:02
2023-11-06 20:20:02,596 [INFO] DEL UPDATE-DEL MES SN : 2023/11/06 20:20:02
2023-11-06 20:20:02,625 [INFO] DEL UPDATE-INS MES SN : 2023/11/06 20:20:02
2023-11-06 20:20:02,647 [INFO] NO INSERT DATA
2023-11-06 20:20:02,648 [INFO] END at - 2023/11/06 20:20:02
2023-11-06 20:20:02,648 [DEBUG] ----------------------------------------------------
2023-11-06 21:20:02,905 [DEBUG] Debug log set up. Setting up console log.
2023-11-06 21:20:02,906 [DEBUG] Console log set up.
2023-11-06 21:20:02,906 [DEBUG] ----------------------------------------------------------
2023-11-06 21:20:02,906 [INFO] Start at - 2023/11/06 21:20:02
2023-11-06 21:20:02,953 [INFO] DEL UPDATE-DEL RIS LOT : 2023/11/06 21:20:02
2023-11-06 21:20:03,054 [INFO] INS UPDATE-INS RIS LOT : 2023/11/06 21:20:03
2023-11-06 21:20:03,445 [INFO] DEL UPDATE-DEL MES SN : 2023/11/06 21:20:03
2023-11-06 21:20:03,468 [INFO] DEL UPDATE-INS MES SN : 2023/11/06 21:20:03
2023-11-06 21:20:03,489 [INFO] NO INSERT DATA
2023-11-06 21:20:03,489 [INFO] END at - 2023/11/06 21:20:03
2023-11-06 21:20:03,489 [DEBUG] ----------------------------------------------------
2023-11-06 22:20:02,071 [DEBUG] Debug log set up. Setting up console log.
2023-11-06 22:20:02,071 [DEBUG] Console log set up.
2023-11-06 22:20:02,071 [DEBUG] ----------------------------------------------------------
2023-11-06 22:20:02,071 [INFO] Start at - 2023/11/06 22:20:02
2023-11-06 22:20:02,145 [INFO] DEL UPDATE-DEL RIS LOT : 2023/11/06 22:20:02
2023-11-06 22:20:02,259 [INFO] INS UPDATE-INS RIS LOT : 2023/11/06 22:20:02
2023-11-06 22:20:02,734 [INFO] DEL UPDATE-DEL MES SN : 2023/11/06 22:20:02
2023-11-06 22:20:02,765 [INFO] DEL UPDATE-INS MES SN : 2023/11/06 22:20:02
2023-11-06 22:20:02,791 [INFO] NO INSERT DATA
2023-11-06 22:20:02,792 [INFO] END at - 2023/11/06 22:20:02
2023-11-06 22:20:02,792 [DEBUG] ----------------------------------------------------
2023-11-06 23:20:02,525 [DEBUG] Debug log set up. Setting up console log.
2023-11-06 23:20:02,525 [DEBUG] Console log set up.
2023-11-06 23:20:02,525 [DEBUG] ----------------------------------------------------------
2023-11-06 23:20:02,526 [INFO] Start at - 2023/11/06 23:20:02
2023-11-06 23:20:02,551 [INFO] DEL UPDATE-DEL RIS LOT : 2023/11/06 23:20:02
2023-11-06 23:20:02,633 [INFO] INS UPDATE-INS RIS LOT : 2023/11/06 23:20:02
2023-11-06 23:20:02,709 [INFO] DEL UPDATE-DEL MES SN : 2023/11/06 23:20:02
2023-11-06 23:20:02,718 [INFO] DEL UPDATE-INS MES SN : 2023/11/06 23:20:02
2023-11-06 23:20:02,723 [INFO] NO INSERT DATA
2023-11-06 23:20:02,723 [INFO] END at - 2023/11/06 23:20:02
2023-11-06 23:20:02,723 [DEBUG] ----------------------------------------------------
